{"/home/wpennock/life-tracker/src/lib/supabase.ts": {"path":"/home/wpennock/life-tracker/src/lib/supabase.ts","statementMap":{"0":{"start":{"line":3,"column":21},"end":{"line":3,"column":null}},"1":{"start":{"line":4,"column":26},"end":{"line":4,"column":null}},"2":{"start":{"line":6,"column":13},"end":{"line":6,"column":null}},"3":{"start":{"line":9,"column":1},"end":{"line":9,"column":null}},"4":{"start":{"line":9,"column":36},"end":{"line":9,"column":null}},"5":{"start":{"line":11,"column":14},"end":{"line":11,"column":null}},"6":{"start":{"line":12,"column":1},"end":{"line":15,"column":null}},"7":{"start":{"line":13,"column":2},"end":{"line":13,"column":null}},"8":{"start":{"line":14,"column":2},"end":{"line":14,"column":null}},"9":{"start":{"line":16,"column":1},"end":{"line":16,"column":null}}},"fnMap":{"0":{"name":"getLocalUserId","decl":{"start":{"line":8,"column":16},"end":{"line":8,"column":41}},"loc":{"start":{"line":8,"column":41},"end":{"line":17,"column":null}},"line":8}},"branchMap":{"0":{"loc":{"start":{"line":9,"column":1},"end":{"line":9,"column":null}},"type":"if","locations":[{"start":{"line":9,"column":1},"end":{"line":9,"column":null}},{"start":{},"end":{}}],"line":9},"1":{"loc":{"start":{"line":12,"column":1},"end":{"line":15,"column":null}},"type":"if","locations":[{"start":{"line":12,"column":1},"end":{"line":15,"column":null}},{"start":{},"end":{}}],"line":12}},"s":{"0":1,"1":1,"2":1,"3":5,"4":1,"5":4,"6":4,"7":3,"8":3,"9":4},"f":{"0":5},"b":{"0":[1,4],"1":[3,1]},"meta":{"lastBranch":2,"lastFunction":1,"lastStatement":10,"seen":{"s:3:21:3:Infinity":0,"s:4:26:4:Infinity":1,"s:6:13:6:Infinity":2,"f:8:16:8:41":0,"b:9:1:9:Infinity:undefined:undefined:undefined:undefined":0,"s:9:1:9:Infinity":3,"s:9:36:9:Infinity":4,"s:11:14:11:Infinity":5,"b:12:1:15:Infinity:undefined:undefined:undefined:undefined":1,"s:12:1:15:Infinity":6,"s:13:2:13:Infinity":7,"s:14:2:14:Infinity":8,"s:16:1:16:Infinity":9}}}
}
